<test_results><site url="https://www.google.com/" success_count="7" fail_count="11"><button text="&#1050;&#1072;&#1088;&#1090;&#1080;&#1085;&#1082;&#1080;" status_code="complete" success="true" /><button text="&#1050;&#1072;&#1088;&#1090;&#1099;" success="false" error="Message: &#10;Stacktrace:&#10;RemoteError@chrome://remote/content/shared/RemoteError.sys.mjs:8:8&#10;WebDriverError@chrome://remote/content/shared/webdriver/Errors.sys.mjs:182:5&#10;NoSuchElementError@chrome://remote/content/shared/webdriver/Errors.sys.mjs:394:5&#10;element.find/&lt;/&lt;@chrome://remote/content/marionette/element.sys.mjs:134:16&#10;" /><button text="Play" success="false" error="Message: &#10;Stacktrace:&#10;RemoteError@chrome://remote/content/shared/RemoteError.sys.mjs:8:8&#10;WebDriverError@chrome://remote/content/shared/webdriver/Errors.sys.mjs:182:5&#10;NoSuchElementError@chrome://remote/content/shared/webdriver/Errors.sys.mjs:394:5&#10;element.find/&lt;/&lt;@chrome://remote/content/marionette/element.sys.mjs:134:16&#10;" /><button text="YouTube" success="false" error="Message: &#10;Stacktrace:&#10;RemoteError@chrome://remote/content/shared/RemoteError.sys.mjs:8:8&#10;WebDriverError@chrome://remote/content/shared/webdriver/Errors.sys.mjs:182:5&#10;NoSuchElementError@chrome://remote/content/shared/webdriver/Errors.sys.mjs:394:5&#10;element.find/&lt;/&lt;@chrome://remote/content/marionette/element.sys.mjs:134:16&#10;" /><button text="&#1053;&#1086;&#1074;&#1086;&#1089;&#1090;&#1080;" success="false" error="Message: &#10;Stacktrace:&#10;RemoteError@chrome://remote/content/shared/RemoteError.sys.mjs:8:8&#10;WebDriverError@chrome://remote/content/shared/webdriver/Errors.sys.mjs:182:5&#10;NoSuchElementError@chrome://remote/content/shared/webdriver/Errors.sys.mjs:394:5&#10;element.find/&lt;/&lt;@chrome://remote/content/marionette/element.sys.mjs:134:16&#10;" /><button text="&#1055;&#1086;&#1095;&#1090;&#1072;" status_code="complete" success="true" /><button text="&#1044;&#1080;&#1089;&#1082;" success="false" error="Message: &#10;Stacktrace:&#10;RemoteError@chrome://remote/content/shared/RemoteError.sys.mjs:8:8&#10;WebDriverError@chrome://remote/content/shared/webdriver/Errors.sys.mjs:182:5&#10;NoSuchElementError@chrome://remote/content/shared/webdriver/Errors.sys.mjs:394:5&#10;element.find/&lt;/&lt;@chrome://remote/content/marionette/element.sys.mjs:134:16&#10;" /><button text="&#1045;&#1097;&#1105; &#187;" success="false" error="Message: &#10;Stacktrace:&#10;RemoteError@chrome://remote/content/shared/RemoteError.sys.mjs:8:8&#10;WebDriverError@chrome://remote/content/shared/webdriver/Errors.sys.mjs:182:5&#10;NoSuchElementError@chrome://remote/content/shared/webdriver/Errors.sys.mjs:394:5&#10;element.find/&lt;/&lt;@chrome://remote/content/marionette/element.sys.mjs:134:16&#10;" /><button text="&#1048;&#1089;&#1090;&#1086;&#1088;&#1080;&#1103; &#1074;&#1077;&#1073;-&#1087;&#1086;&#1080;&#1089;&#1082;&#1072;" success="false" error="Message: &#10;Stacktrace:&#10;RemoteError@chrome://remote/content/shared/RemoteError.sys.mjs:8:8&#10;WebDriverError@chrome://remote/content/shared/webdriver/Errors.sys.mjs:182:5&#10;NoSuchElementError@chrome://remote/content/shared/webdriver/Errors.sys.mjs:394:5&#10;element.find/&lt;/&lt;@chrome://remote/content/marionette/element.sys.mjs:134:16&#10;" /><button text="&#1053;&#1072;&#1089;&#1090;&#1088;&#1086;&#1081;&#1082;&#1080;" success="false" error="Message: Element &lt;a href=&quot;https://www.google.com/preferences?hl=ru&amp;fg=1&quot;&gt; could not be scrolled into view&#10;Stacktrace:&#10;RemoteError@chrome://remote/content/shared/RemoteError.sys.mjs:8:8&#10;WebDriverError@chrome://remote/content/shared/webdriver/Errors.sys.mjs:182:5&#10;ElementNotInteractableError@chrome://remote/content/shared/webdriver/Errors.sys.mjs:292:5&#10;webdriverClickElement@chrome://remote/content/marionette/interaction.sys.mjs:150:11&#10;interaction.clickElement@chrome://remote/content/marionette/interaction.sys.mjs:119:11&#10;clickElement@chrome://remote/content/marionette/actors/MarionetteCommandsChild.sys.mjs:208:29&#10;receiveMessage@chrome://remote/content/marionette/actors/MarionetteCommandsChild.sys.mjs:97:31&#10;" /><button text="&#1042;&#1086;&#1081;&#1090;&#1080;" success="false" error="Message: &#10;Stacktrace:&#10;RemoteError@chrome://remote/content/shared/RemoteError.sys.mjs:8:8&#10;WebDriverError@chrome://remote/content/shared/webdriver/Errors.sys.mjs:182:5&#10;NoSuchElementError@chrome://remote/content/shared/webdriver/Errors.sys.mjs:394:5&#10;element.find/&lt;/&lt;@chrome://remote/content/marionette/element.sys.mjs:134:16&#10;" /><button text="&#1056;&#1072;&#1089;&#1096;&#1080;&#1088;&#1077;&#1085;&#1085;&#1099;&#1081; &#1087;&#1086;&#1080;&#1089;&#1082;" success="false" error="Message: Element &lt;a href=&quot;/advanced_search?hl=ru&amp;fg=1&quot;&gt; could not be scrolled into view&#10;Stacktrace:&#10;RemoteError@chrome://remote/content/shared/RemoteError.sys.mjs:8:8&#10;WebDriverError@chrome://remote/content/shared/webdriver/Errors.sys.mjs:182:5&#10;ElementNotInteractableError@chrome://remote/content/shared/webdriver/Errors.sys.mjs:292:5&#10;webdriverClickElement@chrome://remote/content/marionette/interaction.sys.mjs:150:11&#10;interaction.clickElement@chrome://remote/content/marionette/interaction.sys.mjs:119:11&#10;clickElement@chrome://remote/content/marionette/actors/MarionetteCommandsChild.sys.mjs:208:29&#10;receiveMessage@chrome://remote/content/marionette/actors/MarionetteCommandsChild.sys.mjs:97:31&#10;" /><button text="&#1056;&#1077;&#1082;&#1083;&#1072;&#1084;&#1072;" status_code="complete" success="true" /><button text="&#1056;&#1077;&#1096;&#1077;&#1085;&#1080;&#1103; &#1076;&#1083;&#1103; &#1073;&#1080;&#1079;&#1085;&#1077;&#1089;&#1072;" status_code="interactive" success="true" /><button text="&#1042;&#1089;&#1105; &#1086; Google" status_code="complete" success="true" /><button text="Google.ru" success="false" error="Message: &#10;Stacktrace:&#10;RemoteError@chrome://remote/content/shared/RemoteError.sys.mjs:8:8&#10;WebDriverError@chrome://remote/content/shared/webdriver/Errors.sys.mjs:182:5&#10;NoSuchElementError@chrome://remote/content/shared/webdriver/Errors.sys.mjs:394:5&#10;element.find/&lt;/&lt;@chrome://remote/content/marionette/element.sys.mjs:134:16&#10;" /><button text="&#1050;&#1086;&#1085;&#1092;&#1080;&#1076;&#1077;&#1085;&#1094;&#1080;&#1072;&#1083;&#1100;&#1085;&#1086;&#1089;&#1090;&#1100;" status_code="complete" success="true" /><button text="&#1059;&#1089;&#1083;&#1086;&#1074;&#1080;&#1103;" status_code="complete" success="true" /></site><site url="https://www.youtube.com/" success_count="0" fail_count="14"><button text="" success="false" error="Message: Element &lt;a class=&quot;style-scope ytd-miniplayer&quot;&gt; could not be scrolled into view&#10;Stacktrace:&#10;RemoteError@chrome://remote/content/shared/RemoteError.sys.mjs:8:8&#10;WebDriverError@chrome://remote/content/shared/webdriver/Errors.sys.mjs:182:5&#10;ElementNotInteractableError@chrome://remote/content/shared/webdriver/Errors.sys.mjs:292:5&#10;webdriverClickElement@chrome://remote/content/marionette/interaction.sys.mjs:150:11&#10;interaction.clickElement@chrome://remote/content/marionette/interaction.sys.mjs:119:11&#10;clickElement@chrome://remote/content/marionette/actors/MarionetteCommandsChild.sys.mjs:208:29&#10;receiveMessage@chrome://remote/content/marionette/actors/MarionetteCommandsChild.sys.mjs:97:31&#10;" /><button text="" success="false" error="Message: Element &lt;a class=&quot;style-scope ytd-miniplayer&quot;&gt; could not be scrolled into view&#10;Stacktrace:&#10;RemoteError@chrome://remote/content/shared/RemoteError.sys.mjs:8:8&#10;WebDriverError@chrome://remote/content/shared/webdriver/Errors.sys.mjs:182:5&#10;ElementNotInteractableError@chrome://remote/content/shared/webdriver/Errors.sys.mjs:292:5&#10;webdriverClickElement@chrome://remote/content/marionette/interaction.sys.mjs:150:11&#10;interaction.clickElement@chrome://remote/content/marionette/interaction.sys.mjs:119:11&#10;clickElement@chrome://remote/content/marionette/actors/MarionetteCommandsChild.sys.mjs:208:29&#10;receiveMessage@chrome://remote/content/marionette/actors/MarionetteCommandsChild.sys.mjs:97:31&#10;" /><button text="&#1054; &#1089;&#1077;&#1088;&#1074;&#1080;&#1089;&#1077;" success="false" error="Message: &#10;Stacktrace:&#10;RemoteError@chrome://remote/content/shared/RemoteError.sys.mjs:8:8&#10;WebDriverError@chrome://remote/content/shared/webdriver/Errors.sys.mjs:182:5&#10;NoSuchElementError@chrome://remote/content/shared/webdriver/Errors.sys.mjs:394:5&#10;element.find/&lt;/&lt;@chrome://remote/content/marionette/element.sys.mjs:134:16&#10;" /><button text="&#1055;&#1088;&#1077;&#1089;&#1089;&#1077;" success="false" error="Message: &#10;Stacktrace:&#10;RemoteError@chrome://remote/content/shared/RemoteError.sys.mjs:8:8&#10;WebDriverError@chrome://remote/content/shared/webdriver/Errors.sys.mjs:182:5&#10;NoSuchElementError@chrome://remote/content/shared/webdriver/Errors.sys.mjs:394:5&#10;element.find/&lt;/&lt;@chrome://remote/content/marionette/element.sys.mjs:134:16&#10;" /><button text="&#1040;&#1074;&#1090;&#1086;&#1088;&#1089;&#1082;&#1080;&#1077; &#1087;&#1088;&#1072;&#1074;&#1072;" success="false" error="Message: &#10;Stacktrace:&#10;RemoteError@chrome://remote/content/shared/RemoteError.sys.mjs:8:8&#10;WebDriverError@chrome://remote/content/shared/webdriver/Errors.sys.mjs:182:5&#10;NoSuchElementError@chrome://remote/content/shared/webdriver/Errors.sys.mjs:394:5&#10;element.find/&lt;/&lt;@chrome://remote/content/marionette/element.sys.mjs:134:16&#10;" /><button text="&#1057;&#1074;&#1103;&#1079;&#1072;&#1090;&#1100;&#1089;&#1103; &#1089; &#1085;&#1072;&#1084;&#1080;" success="false" error="Message: &#10;Stacktrace:&#10;RemoteError@chrome://remote/content/shared/RemoteError.sys.mjs:8:8&#10;WebDriverError@chrome://remote/content/shared/webdriver/Errors.sys.mjs:182:5&#10;NoSuchElementError@chrome://remote/content/shared/webdriver/Errors.sys.mjs:394:5&#10;element.find/&lt;/&lt;@chrome://remote/content/marionette/element.sys.mjs:134:16&#10;" /><button text="&#1040;&#1074;&#1090;&#1086;&#1088;&#1072;&#1084;" success="false" error="Message: &#10;Stacktrace:&#10;RemoteError@chrome://remote/content/shared/RemoteError.sys.mjs:8:8&#10;WebDriverError@chrome://remote/content/shared/webdriver/Errors.sys.mjs:182:5&#10;NoSuchElementError@chrome://remote/content/shared/webdriver/Errors.sys.mjs:394:5&#10;element.find/&lt;/&lt;@chrome://remote/content/marionette/element.sys.mjs:134:16&#10;" /><button text="&#1056;&#1077;&#1082;&#1083;&#1072;&#1084;&#1086;&#1076;&#1072;&#1090;&#1077;&#1083;&#1103;&#1084;" success="false" error="Message: &#10;Stacktrace:&#10;RemoteError@chrome://remote/content/shared/RemoteError.sys.mjs:8:8&#10;WebDriverError@chrome://remote/content/shared/webdriver/Errors.sys.mjs:182:5&#10;NoSuchElementError@chrome://remote/content/shared/webdriver/Errors.sys.mjs:394:5&#10;element.find/&lt;/&lt;@chrome://remote/content/marionette/element.sys.mjs:134:16&#10;" /><button text="&#1056;&#1072;&#1079;&#1088;&#1072;&#1073;&#1086;&#1090;&#1095;&#1080;&#1082;&#1072;&#1084;" success="false" error="Message: &#10;Stacktrace:&#10;RemoteError@chrome://remote/content/shared/RemoteError.sys.mjs:8:8&#10;WebDriverError@chrome://remote/content/shared/webdriver/Errors.sys.mjs:182:5&#10;NoSuchElementError@chrome://remote/content/shared/webdriver/Errors.sys.mjs:394:5&#10;element.find/&lt;/&lt;@chrome://remote/content/marionette/element.sys.mjs:134:16&#10;" /><button text="&#1059;&#1089;&#1083;&#1086;&#1074;&#1080;&#1103; &#1080;&#1089;&#1087;&#1086;&#1083;&#1100;&#1079;&#1086;&#1074;&#1072;&#1085;&#1080;&#1103;" success="false" error="Message: &#10;Stacktrace:&#10;RemoteError@chrome://remote/content/shared/RemoteError.sys.mjs:8:8&#10;WebDriverError@chrome://remote/content/shared/webdriver/Errors.sys.mjs:182:5&#10;NoSuchElementError@chrome://remote/content/shared/webdriver/Errors.sys.mjs:394:5&#10;element.find/&lt;/&lt;@chrome://remote/content/marionette/element.sys.mjs:134:16&#10;" /><button text="&#1050;&#1086;&#1085;&#1092;&#1080;&#1076;&#1077;&#1085;&#1094;&#1080;&#1072;&#1083;&#1100;&#1085;&#1086;&#1089;&#1090;&#1100;" success="false" error="Message: &#10;Stacktrace:&#10;RemoteError@chrome://remote/content/shared/RemoteError.sys.mjs:8:8&#10;WebDriverError@chrome://remote/content/shared/webdriver/Errors.sys.mjs:182:5&#10;NoSuchElementError@chrome://remote/content/shared/webdriver/Errors.sys.mjs:394:5&#10;element.find/&lt;/&lt;@chrome://remote/content/marionette/element.sys.mjs:134:16&#10;" /><button text="&#1055;&#1088;&#1072;&#1074;&#1080;&#1083;&#1072; &#1080; &#1073;&#1077;&#1079;&#1086;&#1087;&#1072;&#1089;&#1085;&#1086;&#1089;&#1090;&#1100;" success="false" error="Message: &#10;Stacktrace:&#10;RemoteError@chrome://remote/content/shared/RemoteError.sys.mjs:8:8&#10;WebDriverError@chrome://remote/content/shared/webdriver/Errors.sys.mjs:182:5&#10;NoSuchElementError@chrome://remote/content/shared/webdriver/Errors.sys.mjs:394:5&#10;element.find/&lt;/&lt;@chrome://remote/content/marionette/element.sys.mjs:134:16&#10;" /><button text="&#1050;&#1072;&#1082; &#1088;&#1072;&#1073;&#1086;&#1090;&#1072;&#1077;&#1090; YouTube" success="false" error="Message: &#10;Stacktrace:&#10;RemoteError@chrome://remote/content/shared/RemoteError.sys.mjs:8:8&#10;WebDriverError@chrome://remote/content/shared/webdriver/Errors.sys.mjs:182:5&#10;NoSuchElementError@chrome://remote/content/shared/webdriver/Errors.sys.mjs:394:5&#10;element.find/&lt;/&lt;@chrome://remote/content/marionette/element.sys.mjs:134:16&#10;" /><button text="&#1058;&#1077;&#1089;&#1090;&#1080;&#1088;&#1086;&#1074;&#1072;&#1085;&#1080;&#1077; &#1085;&#1086;&#1074;&#1099;&#1093; &#1092;&#1091;&#1085;&#1082;&#1094;&#1080;&#1081;" success="false" error="Message: &#10;Stacktrace:&#10;RemoteError@chrome://remote/content/shared/RemoteError.sys.mjs:8:8&#10;WebDriverError@chrome://remote/content/shared/webdriver/Errors.sys.mjs:182:5&#10;NoSuchElementError@chrome://remote/content/shared/webdriver/Errors.sys.mjs:394:5&#10;element.find/&lt;/&lt;@chrome://remote/content/marionette/element.sys.mjs:134:16&#10;" /></site></test_results>